<?xml version="1.0" encoding="UTF-8"?>
<!-- Generated by org.testng.reporters.JUnitReportReporter -->
<testsuite hostname="DESKTOP-PDN0CNP" failures="0" tests="1" name="sampleProgram.MaxMin" time="0.018" errors="0" timestamp="2024-03-08T10:33:39 IST" skipped="0">
  <testcase classname="sampleProgram.MaxMin" name="method" time="0.018"/>
  <system-out/>
</testsuite> <!-- sampleProgram.MaxMin -->
