<?xml version="1.0" encoding="UTF-8"?>
<!-- Generated by org.testng.reporters.JUnitReportReporter -->
<testsuite hostname="DESKTOP-PDN0CNP" failures="0" tests="1" name="javaTest.primeNum" time="0.012" errors="0" timestamp="2023-12-28T12:37:54 IST" skipped="0">
  <testcase classname="javaTest.primeNum" name="primeMethod" time="0.012"/>
  <system-out/>
</testsuite> <!-- javaTest.primeNum -->
